
**** Clean-only build of configuration Debug for project Milestone ****

"C:\\ti\\ccsv7\\utils\\bin\\gmake" -k -j 8 clean -O 
 
DEL /F  "Milestone.hex"  "Milestone.out" 
DEL /F "Helicopter.obj" "buttons4.obj" "circBufT.obj" "tm4c123gh6pm_startup_ccs.obj" "ustdlib.obj" "OrbitOLED\OrbitOLEDInterface.obj" "OrbitOLED\lib_OrbitOled\ChrFont0.obj" "OrbitOLED\lib_OrbitOled\FillPat.obj" "OrbitOLED\lib_OrbitOled\OrbitOled.obj" "OrbitOLED\lib_OrbitOled\OrbitOledChar.obj" "OrbitOLED\lib_OrbitOled\OrbitOledGrph.obj" "OrbitOLED\lib_OrbitOled\delay.obj" 
DEL /F "Helicopter.d" "buttons4.d" "circBufT.d" "tm4c123gh6pm_startup_ccs.d" "ustdlib.d" "OrbitOLED\OrbitOLEDInterface.d" "OrbitOLED\lib_OrbitOled\ChrFont0.d" "OrbitOLED\lib_OrbitOled\FillPat.d" "OrbitOLED\lib_OrbitOled\OrbitOled.d" "OrbitOLED\lib_OrbitOled\OrbitOledChar.d" "OrbitOLED\lib_OrbitOled\OrbitOledGrph.d" "OrbitOLED\lib_OrbitOled\delay.d" 
'Finished clean'
 

**** Build Finished ****

**** Build of configuration Debug for project Milestone ****

"C:\\ti\\ccsv7\\utils\\bin\\gmake" -k -j 8 all -O 
 
'Building file: "../circBufT.c"'
'Invoking: ARM Compiler'
"C:/ti/ccsv7/tools/compiler/ti-cgt-arm_16.9.6.LTS/bin/armcl" -mv7M4 --code_state=16 --float_support=FPv4SPD16 -me --include_path="P:/lab_a03_group_2/Milestones/Milestone_One" --include_path="P:/lab_a03_group_2/Milestones/Milestone" --include_path="C:/ti/TivaWare_C_Series-2.1.4.178" --include_path="P:/lab_a03_group_2/Dependencies" --include_path="C:/ti/ccsv7/tools/compiler/ti-cgt-arm_16.9.6.LTS/include" --define=ccs="ccs" --define=PART_TM4C123GH6PM -g --gcc --diag_warning=225 --diag_wrap=off --display_error_number --abi=eabi --preproc_with_compile --preproc_dependency="circBufT.d_raw"  "../circBufT.c"
'Finished building: "../circBufT.c"'
 
'Building file: "../tm4c123gh6pm_startup_ccs.c"'
'Invoking: ARM Compiler'
"C:/ti/ccsv7/tools/compiler/ti-cgt-arm_16.9.6.LTS/bin/armcl" -mv7M4 --code_state=16 --float_support=FPv4SPD16 -me --include_path="P:/lab_a03_group_2/Milestones/Milestone_One" --include_path="P:/lab_a03_group_2/Milestones/Milestone" --include_path="C:/ti/TivaWare_C_Series-2.1.4.178" --include_path="P:/lab_a03_group_2/Dependencies" --include_path="C:/ti/ccsv7/tools/compiler/ti-cgt-arm_16.9.6.LTS/include" --define=ccs="ccs" --define=PART_TM4C123GH6PM -g --gcc --diag_warning=225 --diag_wrap=off --display_error_number --abi=eabi --preproc_with_compile --preproc_dependency="tm4c123gh6pm_startup_ccs.d_raw"  "../tm4c123gh6pm_startup_ccs.c"
'Finished building: "../tm4c123gh6pm_startup_ccs.c"'
 
'Building file: "P:/lab_a03_group_2/Dependencies/buttons4.c"'
'Invoking: ARM Compiler'
"C:/ti/ccsv7/tools/compiler/ti-cgt-arm_16.9.6.LTS/bin/armcl" -mv7M4 --code_state=16 --float_support=FPv4SPD16 -me --include_path="P:/lab_a03_group_2/Milestones/Milestone_One" --include_path="P:/lab_a03_group_2/Milestones/Milestone" --include_path="C:/ti/TivaWare_C_Series-2.1.4.178" --include_path="P:/lab_a03_group_2/Dependencies" --include_path="C:/ti/ccsv7/tools/compiler/ti-cgt-arm_16.9.6.LTS/include" --define=ccs="ccs" --define=PART_TM4C123GH6PM -g --gcc --diag_warning=225 --diag_wrap=off --display_error_number --abi=eabi --preproc_with_compile --preproc_dependency="buttons4.d_raw"  "P:/lab_a03_group_2/Dependencies/buttons4.c"
'Finished building: "P:/lab_a03_group_2/Dependencies/buttons4.c"'
 
'Building file: "../OrbitOLED/lib_OrbitOled/FillPat.c"'
'Invoking: ARM Compiler'
"C:/ti/ccsv7/tools/compiler/ti-cgt-arm_16.9.6.LTS/bin/armcl" -mv7M4 --code_state=16 --float_support=FPv4SPD16 -me --include_path="P:/lab_a03_group_2/Milestones/Milestone_One" --include_path="P:/lab_a03_group_2/Milestones/Milestone" --include_path="C:/ti/TivaWare_C_Series-2.1.4.178" --include_path="P:/lab_a03_group_2/Dependencies" --include_path="C:/ti/ccsv7/tools/compiler/ti-cgt-arm_16.9.6.LTS/include" --define=ccs="ccs" --define=PART_TM4C123GH6PM -g --gcc --diag_warning=225 --diag_wrap=off --display_error_number --abi=eabi --preproc_with_compile --preproc_dependency="OrbitOLED/lib_OrbitOled/FillPat.d_raw" --obj_directory="OrbitOLED/lib_OrbitOled"  "../OrbitOLED/lib_OrbitOled/FillPat.c"
'Finished building: "../OrbitOLED/lib_OrbitOled/FillPat.c"'
 
'Building file: "../OrbitOLED/lib_OrbitOled/ChrFont0.c"'
'Invoking: ARM Compiler'
"C:/ti/ccsv7/tools/compiler/ti-cgt-arm_16.9.6.LTS/bin/armcl" -mv7M4 --code_state=16 --float_support=FPv4SPD16 -me --include_path="P:/lab_a03_group_2/Milestones/Milestone_One" --include_path="P:/lab_a03_group_2/Milestones/Milestone" --include_path="C:/ti/TivaWare_C_Series-2.1.4.178" --include_path="P:/lab_a03_group_2/Dependencies" --include_path="C:/ti/ccsv7/tools/compiler/ti-cgt-arm_16.9.6.LTS/include" --define=ccs="ccs" --define=PART_TM4C123GH6PM -g --gcc --diag_warning=225 --diag_wrap=off --display_error_number --abi=eabi --preproc_with_compile --preproc_dependency="OrbitOLED/lib_OrbitOled/ChrFont0.d_raw" --obj_directory="OrbitOLED/lib_OrbitOled"  "../OrbitOLED/lib_OrbitOled/ChrFont0.c"
'Finished building: "../OrbitOLED/lib_OrbitOled/ChrFont0.c"'
 
'Building file: "C:/ti/TivaWare_C_Series-2.1.4.178/utils/ustdlib.c"'
'Invoking: ARM Compiler'
"C:/ti/ccsv7/tools/compiler/ti-cgt-arm_16.9.6.LTS/bin/armcl" -mv7M4 --code_state=16 --float_support=FPv4SPD16 -me --include_path="P:/lab_a03_group_2/Milestones/Milestone_One" --include_path="P:/lab_a03_group_2/Milestones/Milestone" --include_path="C:/ti/TivaWare_C_Series-2.1.4.178" --include_path="P:/lab_a03_group_2/Dependencies" --include_path="C:/ti/ccsv7/tools/compiler/ti-cgt-arm_16.9.6.LTS/include" --define=ccs="ccs" --define=PART_TM4C123GH6PM -g --gcc --diag_warning=225 --diag_wrap=off --display_error_number --abi=eabi --preproc_with_compile --preproc_dependency="ustdlib.d_raw"  "C:/ti/TivaWare_C_Series-2.1.4.178/utils/ustdlib.c"
'Finished building: "C:/ti/TivaWare_C_Series-2.1.4.178/utils/ustdlib.c"'
 
'Building file: "../Helicopter.c"'
'Invoking: ARM Compiler'
"C:/ti/ccsv7/tools/compiler/ti-cgt-arm_16.9.6.LTS/bin/armcl" -mv7M4 --code_state=16 --float_support=FPv4SPD16 -me --include_path="P:/lab_a03_group_2/Milestones/Milestone_One" --include_path="P:/lab_a03_group_2/Milestones/Milestone" --include_path="C:/ti/TivaWare_C_Series-2.1.4.178" --include_path="P:/lab_a03_group_2/Dependencies" --include_path="C:/ti/ccsv7/tools/compiler/ti-cgt-arm_16.9.6.LTS/include" --define=ccs="ccs" --define=PART_TM4C123GH6PM -g --gcc --diag_warning=225 --diag_wrap=off --display_error_number --abi=eabi --preproc_with_compile --preproc_dependency="Helicopter.d_raw"  "../Helicopter.c"
'Finished building: "../Helicopter.c"'
 
'Building file: "../OrbitOLED/OrbitOLEDInterface.c"'
'Invoking: ARM Compiler'
"C:/ti/ccsv7/tools/compiler/ti-cgt-arm_16.9.6.LTS/bin/armcl" -mv7M4 --code_state=16 --float_support=FPv4SPD16 -me --include_path="P:/lab_a03_group_2/Milestones/Milestone_One" --include_path="P:/lab_a03_group_2/Milestones/Milestone" --include_path="C:/ti/TivaWare_C_Series-2.1.4.178" --include_path="P:/lab_a03_group_2/Dependencies" --include_path="C:/ti/ccsv7/tools/compiler/ti-cgt-arm_16.9.6.LTS/include" --define=ccs="ccs" --define=PART_TM4C123GH6PM -g --gcc --diag_warning=225 --diag_wrap=off --display_error_number --abi=eabi --preproc_with_compile --preproc_dependency="OrbitOLED/OrbitOLEDInterface.d_raw" --obj_directory="OrbitOLED"  "../OrbitOLED/OrbitOLEDInterface.c"
'Finished building: "../OrbitOLED/OrbitOLEDInterface.c"'
 
'Building file: "../OrbitOLED/lib_OrbitOled/OrbitOled.c"'
'Invoking: ARM Compiler'
"C:/ti/ccsv7/tools/compiler/ti-cgt-arm_16.9.6.LTS/bin/armcl" -mv7M4 --code_state=16 --float_support=FPv4SPD16 -me --include_path="P:/lab_a03_group_2/Milestones/Milestone_One" --include_path="P:/lab_a03_group_2/Milestones/Milestone" --include_path="C:/ti/TivaWare_C_Series-2.1.4.178" --include_path="P:/lab_a03_group_2/Dependencies" --include_path="C:/ti/ccsv7/tools/compiler/ti-cgt-arm_16.9.6.LTS/include" --define=ccs="ccs" --define=PART_TM4C123GH6PM -g --gcc --diag_warning=225 --diag_wrap=off --display_error_number --abi=eabi --preproc_with_compile --preproc_dependency="OrbitOLED/lib_OrbitOled/OrbitOled.d_raw" --obj_directory="OrbitOLED/lib_OrbitOled"  "../OrbitOLED/lib_OrbitOled/OrbitOled.c"
'Finished building: "../OrbitOLED/lib_OrbitOled/OrbitOled.c"'
 
'Building file: "../OrbitOLED/lib_OrbitOled/delay.c"'
'Invoking: ARM Compiler'
"C:/ti/ccsv7/tools/compiler/ti-cgt-arm_16.9.6.LTS/bin/armcl" -mv7M4 --code_state=16 --float_support=FPv4SPD16 -me --include_path="P:/lab_a03_group_2/Milestones/Milestone_One" --include_path="P:/lab_a03_group_2/Milestones/Milestone" --include_path="C:/ti/TivaWare_C_Series-2.1.4.178" --include_path="P:/lab_a03_group_2/Dependencies" --include_path="C:/ti/ccsv7/tools/compiler/ti-cgt-arm_16.9.6.LTS/include" --define=ccs="ccs" --define=PART_TM4C123GH6PM -g --gcc --diag_warning=225 --diag_wrap=off --display_error_number --abi=eabi --preproc_with_compile --preproc_dependency="OrbitOLED/lib_OrbitOled/delay.d_raw" --obj_directory="OrbitOLED/lib_OrbitOled"  "../OrbitOLED/lib_OrbitOled/delay.c"
'Finished building: "../OrbitOLED/lib_OrbitOled/delay.c"'
 
'Building file: "../OrbitOLED/lib_OrbitOled/OrbitOledChar.c"'
'Invoking: ARM Compiler'
"C:/ti/ccsv7/tools/compiler/ti-cgt-arm_16.9.6.LTS/bin/armcl" -mv7M4 --code_state=16 --float_support=FPv4SPD16 -me --include_path="P:/lab_a03_group_2/Milestones/Milestone_One" --include_path="P:/lab_a03_group_2/Milestones/Milestone" --include_path="C:/ti/TivaWare_C_Series-2.1.4.178" --include_path="P:/lab_a03_group_2/Dependencies" --include_path="C:/ti/ccsv7/tools/compiler/ti-cgt-arm_16.9.6.LTS/include" --define=ccs="ccs" --define=PART_TM4C123GH6PM -g --gcc --diag_warning=225 --diag_wrap=off --display_error_number --abi=eabi --preproc_with_compile --preproc_dependency="OrbitOLED/lib_OrbitOled/OrbitOledChar.d_raw" --obj_directory="OrbitOLED/lib_OrbitOled"  "../OrbitOLED/lib_OrbitOled/OrbitOledChar.c"
'Finished building: "../OrbitOLED/lib_OrbitOled/OrbitOledChar.c"'
 
'Building file: "../OrbitOLED/lib_OrbitOled/OrbitOledGrph.c"'
'Invoking: ARM Compiler'
"C:/ti/ccsv7/tools/compiler/ti-cgt-arm_16.9.6.LTS/bin/armcl" -mv7M4 --code_state=16 --float_support=FPv4SPD16 -me --include_path="P:/lab_a03_group_2/Milestones/Milestone_One" --include_path="P:/lab_a03_group_2/Milestones/Milestone" --include_path="C:/ti/TivaWare_C_Series-2.1.4.178" --include_path="P:/lab_a03_group_2/Dependencies" --include_path="C:/ti/ccsv7/tools/compiler/ti-cgt-arm_16.9.6.LTS/include" --define=ccs="ccs" --define=PART_TM4C123GH6PM -g --gcc --diag_warning=225 --diag_wrap=off --display_error_number --abi=eabi --preproc_with_compile --preproc_dependency="OrbitOLED/lib_OrbitOled/OrbitOledGrph.d_raw" --obj_directory="OrbitOLED/lib_OrbitOled"  "../OrbitOLED/lib_OrbitOled/OrbitOledGrph.c"
"../OrbitOLED/lib_OrbitOled/OrbitOledGrph.c", line 615: warning #552-D: variable "bTmp" was set but never used
"../OrbitOLED/lib_OrbitOled/OrbitOledGrph.c", line 818: warning #552-D: variable "pbBmp" was set but never used
'Finished building: "../OrbitOLED/lib_OrbitOled/OrbitOledGrph.c"'
 
'Building target: "Milestone.out"'
'Invoking: ARM Linker'
"C:/ti/ccsv7/tools/compiler/ti-cgt-arm_16.9.6.LTS/bin/armcl" -mv7M4 --code_state=16 --float_support=FPv4SPD16 -me --define=ccs="ccs" --define=PART_TM4C123GH6PM -g --gcc --diag_warning=225 --diag_wrap=off --display_error_number --abi=eabi -z -m"Milestone.map" --heap_size=512 --stack_size=512 -i"C:/ti/ccsv7/tools/compiler/ti-cgt-arm_16.9.6.LTS/lib" -i"C:/ti/ccsv7/tools/compiler/ti-cgt-arm_16.9.6.LTS/include" --reread_libs --diag_wrap=off --display_error_number --warn_sections --xml_link_info="Milestone_linkInfo.xml" --rom_model -o "Milestone.out" "./Helicopter.obj" "./buttons4.obj" "./circBufT.obj" "./tm4c123gh6pm_startup_ccs.obj" "./ustdlib.obj" "./OrbitOLED/OrbitOLEDInterface.obj" "./OrbitOLED/lib_OrbitOled/ChrFont0.obj" "./OrbitOLED/lib_OrbitOled/FillPat.obj" "./OrbitOLED/lib_OrbitOled/OrbitOled.obj" "./OrbitOLED/lib_OrbitOled/OrbitOledChar.obj" "./OrbitOLED/lib_OrbitOled/OrbitOledGrph.obj" "./OrbitOLED/lib_OrbitOled/delay.obj" "../tm4c123gh6pm.cmd"  -llibc.a -l"C:/ti/TivaWare_C_Series-2.1.4.178/driverlib/ccs/Debug/driverlib.lib" 
<Linking>
'Finished building target: "Milestone.out"'
 

**** Build Finished ****

**** Build of configuration Debug for project Milestone ****

"C:\\ti\\ccsv7\\utils\\bin\\gmake" -k -j 8 all -O 
 
'Building file: "../Helicopter.c"'
'Invoking: ARM Compiler'
"C:/ti/ccsv7/tools/compiler/ti-cgt-arm_16.9.6.LTS/bin/armcl" -mv7M4 --code_state=16 --float_support=FPv4SPD16 -me --include_path="P:/lab_a03_group_2/Milestones/Milestone_One" --include_path="P:/lab_a03_group_2/Milestones/Milestone" --include_path="C:/ti/TivaWare_C_Series-2.1.4.178" --include_path="P:/lab_a03_group_2/Dependencies" --include_path="C:/ti/ccsv7/tools/compiler/ti-cgt-arm_16.9.6.LTS/include" --define=ccs="ccs" --define=PART_TM4C123GH6PM -g --gcc --diag_warning=225 --diag_wrap=off --display_error_number --abi=eabi --preproc_with_compile --preproc_dependency="Helicopter.d_raw"  "../Helicopter.c"
'Finished building: "../Helicopter.c"'
 
'Building target: "Milestone.out"'
'Invoking: ARM Linker'
"C:/ti/ccsv7/tools/compiler/ti-cgt-arm_16.9.6.LTS/bin/armcl" -mv7M4 --code_state=16 --float_support=FPv4SPD16 -me --define=ccs="ccs" --define=PART_TM4C123GH6PM -g --gcc --diag_warning=225 --diag_wrap=off --display_error_number --abi=eabi -z -m"Milestone.map" --heap_size=512 --stack_size=512 -i"C:/ti/ccsv7/tools/compiler/ti-cgt-arm_16.9.6.LTS/lib" -i"C:/ti/ccsv7/tools/compiler/ti-cgt-arm_16.9.6.LTS/include" --reread_libs --diag_wrap=off --display_error_number --warn_sections --xml_link_info="Milestone_linkInfo.xml" --rom_model -o "Milestone.out" "./Helicopter.obj" "./buttons4.obj" "./circBufT.obj" "./tm4c123gh6pm_startup_ccs.obj" "./ustdlib.obj" "./OrbitOLED/OrbitOLEDInterface.obj" "./OrbitOLED/lib_OrbitOled/ChrFont0.obj" "./OrbitOLED/lib_OrbitOled/FillPat.obj" "./OrbitOLED/lib_OrbitOled/OrbitOled.obj" "./OrbitOLED/lib_OrbitOled/OrbitOledChar.obj" "./OrbitOLED/lib_OrbitOled/OrbitOledGrph.obj" "./OrbitOLED/lib_OrbitOled/delay.obj" "../tm4c123gh6pm.cmd"  -llibc.a -l"C:/ti/TivaWare_C_Series-2.1.4.178/driverlib/ccs/Debug/driverlib.lib" 
<Linking>
'Finished building target: "Milestone.out"'
 

**** Build Finished ****

**** Build of configuration Debug for project Milestone ****

"C:\\ti\\ccsv7\\utils\\bin\\gmake" -k -j 8 all -O 
 
'Building file: "../Helicopter.c"'
'Invoking: ARM Compiler'
"C:/ti/ccsv7/tools/compiler/ti-cgt-arm_16.9.6.LTS/bin/armcl" -mv7M4 --code_state=16 --float_support=FPv4SPD16 -me --include_path="P:/lab_a03_group_2/Milestones/Milestone_One" --include_path="P:/lab_a03_group_2/Milestones/Milestone" --include_path="C:/ti/TivaWare_C_Series-2.1.4.178" --include_path="P:/lab_a03_group_2/Dependencies" --include_path="C:/ti/ccsv7/tools/compiler/ti-cgt-arm_16.9.6.LTS/include" --define=ccs="ccs" --define=PART_TM4C123GH6PM -g --gcc --diag_warning=225 --diag_wrap=off --display_error_number --abi=eabi --preproc_with_compile --preproc_dependency="Helicopter.d_raw"  "../Helicopter.c"
'Finished building: "../Helicopter.c"'
 
'Building target: "Milestone.out"'
'Invoking: ARM Linker'
"C:/ti/ccsv7/tools/compiler/ti-cgt-arm_16.9.6.LTS/bin/armcl" -mv7M4 --code_state=16 --float_support=FPv4SPD16 -me --define=ccs="ccs" --define=PART_TM4C123GH6PM -g --gcc --diag_warning=225 --diag_wrap=off --display_error_number --abi=eabi -z -m"Milestone.map" --heap_size=512 --stack_size=512 -i"C:/ti/ccsv7/tools/compiler/ti-cgt-arm_16.9.6.LTS/lib" -i"C:/ti/ccsv7/tools/compiler/ti-cgt-arm_16.9.6.LTS/include" --reread_libs --diag_wrap=off --display_error_number --warn_sections --xml_link_info="Milestone_linkInfo.xml" --rom_model -o "Milestone.out" "./Helicopter.obj" "./buttons4.obj" "./circBufT.obj" "./tm4c123gh6pm_startup_ccs.obj" "./ustdlib.obj" "./OrbitOLED/OrbitOLEDInterface.obj" "./OrbitOLED/lib_OrbitOled/ChrFont0.obj" "./OrbitOLED/lib_OrbitOled/FillPat.obj" "./OrbitOLED/lib_OrbitOled/OrbitOled.obj" "./OrbitOLED/lib_OrbitOled/OrbitOledChar.obj" "./OrbitOLED/lib_OrbitOled/OrbitOledGrph.obj" "./OrbitOLED/lib_OrbitOled/delay.obj" "../tm4c123gh6pm.cmd"  -llibc.a -l"C:/ti/TivaWare_C_Series-2.1.4.178/driverlib/ccs/Debug/driverlib.lib" 
<Linking>
'Finished building target: "Milestone.out"'
 

**** Build Finished ****

**** Build of configuration Debug for project Milestone ****

"C:\\ti\\ccsv7\\utils\\bin\\gmake" -k -j 8 all -O 
 
'Building file: "../Helicopter.c"'
'Invoking: ARM Compiler'
"C:/ti/ccsv7/tools/compiler/ti-cgt-arm_16.9.6.LTS/bin/armcl" -mv7M4 --code_state=16 --float_support=FPv4SPD16 -me --include_path="P:/lab_a03_group_2/Milestones/Milestone_One" --include_path="P:/lab_a03_group_2/Milestones/Milestone" --include_path="C:/ti/TivaWare_C_Series-2.1.4.178" --include_path="P:/lab_a03_group_2/Dependencies" --include_path="C:/ti/ccsv7/tools/compiler/ti-cgt-arm_16.9.6.LTS/include" --define=ccs="ccs" --define=PART_TM4C123GH6PM -g --gcc --diag_warning=225 --diag_wrap=off --display_error_number --abi=eabi --preproc_with_compile --preproc_dependency="Helicopter.d_raw"  "../Helicopter.c"
'Finished building: "../Helicopter.c"'
 
'Building target: "Milestone.out"'
'Invoking: ARM Linker'
"C:/ti/ccsv7/tools/compiler/ti-cgt-arm_16.9.6.LTS/bin/armcl" -mv7M4 --code_state=16 --float_support=FPv4SPD16 -me --define=ccs="ccs" --define=PART_TM4C123GH6PM -g --gcc --diag_warning=225 --diag_wrap=off --display_error_number --abi=eabi -z -m"Milestone.map" --heap_size=512 --stack_size=512 -i"C:/ti/ccsv7/tools/compiler/ti-cgt-arm_16.9.6.LTS/lib" -i"C:/ti/ccsv7/tools/compiler/ti-cgt-arm_16.9.6.LTS/include" --reread_libs --diag_wrap=off --display_error_number --warn_sections --xml_link_info="Milestone_linkInfo.xml" --rom_model -o "Milestone.out" "./Helicopter.obj" "./buttons4.obj" "./circBufT.obj" "./tm4c123gh6pm_startup_ccs.obj" "./ustdlib.obj" "./OrbitOLED/OrbitOLEDInterface.obj" "./OrbitOLED/lib_OrbitOled/ChrFont0.obj" "./OrbitOLED/lib_OrbitOled/FillPat.obj" "./OrbitOLED/lib_OrbitOled/OrbitOled.obj" "./OrbitOLED/lib_OrbitOled/OrbitOledChar.obj" "./OrbitOLED/lib_OrbitOled/OrbitOledGrph.obj" "./OrbitOLED/lib_OrbitOled/delay.obj" "../tm4c123gh6pm.cmd"  -llibc.a -l"C:/ti/TivaWare_C_Series-2.1.4.178/driverlib/ccs/Debug/driverlib.lib" 
<Linking>
'Finished building target: "Milestone.out"'
 

**** Build Finished ****

**** Build of configuration Debug for project Milestone ****

"C:\\ti\\ccsv7\\utils\\bin\\gmake" -k -j 8 all -O 
 
'Building file: "../Helicopter.c"'
'Invoking: ARM Compiler'
"C:/ti/ccsv7/tools/compiler/ti-cgt-arm_16.9.6.LTS/bin/armcl" -mv7M4 --code_state=16 --float_support=FPv4SPD16 -me --include_path="P:/lab_a03_group_2/Milestones/Milestone_One" --include_path="P:/lab_a03_group_2/Milestones/Milestone" --include_path="C:/ti/TivaWare_C_Series-2.1.4.178" --include_path="P:/lab_a03_group_2/Dependencies" --include_path="C:/ti/ccsv7/tools/compiler/ti-cgt-arm_16.9.6.LTS/include" --define=ccs="ccs" --define=PART_TM4C123GH6PM -g --gcc --diag_warning=225 --diag_wrap=off --display_error_number --abi=eabi --preproc_with_compile --preproc_dependency="Helicopter.d_raw"  "../Helicopter.c"
'Finished building: "../Helicopter.c"'
 
'Building target: "Milestone.out"'
'Invoking: ARM Linker'
"C:/ti/ccsv7/tools/compiler/ti-cgt-arm_16.9.6.LTS/bin/armcl" -mv7M4 --code_state=16 --float_support=FPv4SPD16 -me --define=ccs="ccs" --define=PART_TM4C123GH6PM -g --gcc --diag_warning=225 --diag_wrap=off --display_error_number --abi=eabi -z -m"Milestone.map" --heap_size=512 --stack_size=512 -i"C:/ti/ccsv7/tools/compiler/ti-cgt-arm_16.9.6.LTS/lib" -i"C:/ti/ccsv7/tools/compiler/ti-cgt-arm_16.9.6.LTS/include" --reread_libs --diag_wrap=off --display_error_number --warn_sections --xml_link_info="Milestone_linkInfo.xml" --rom_model -o "Milestone.out" "./Helicopter.obj" "./buttons4.obj" "./circBufT.obj" "./tm4c123gh6pm_startup_ccs.obj" "./ustdlib.obj" "./OrbitOLED/OrbitOLEDInterface.obj" "./OrbitOLED/lib_OrbitOled/ChrFont0.obj" "./OrbitOLED/lib_OrbitOled/FillPat.obj" "./OrbitOLED/lib_OrbitOled/OrbitOled.obj" "./OrbitOLED/lib_OrbitOled/OrbitOledChar.obj" "./OrbitOLED/lib_OrbitOled/OrbitOledGrph.obj" "./OrbitOLED/lib_OrbitOled/delay.obj" "../tm4c123gh6pm.cmd"  -llibc.a -l"C:/ti/TivaWare_C_Series-2.1.4.178/driverlib/ccs/Debug/driverlib.lib" 
<Linking>
'Finished building target: "Milestone.out"'
 

**** Build Finished ****

**** Build of configuration Debug for project Milestone ****

"C:\\ti\\ccsv7\\utils\\bin\\gmake" -k -j 8 all -O 
 
'Building file: "../Helicopter.c"'
'Invoking: ARM Compiler'
"C:/ti/ccsv7/tools/compiler/ti-cgt-arm_16.9.6.LTS/bin/armcl" -mv7M4 --code_state=16 --float_support=FPv4SPD16 -me --include_path="P:/lab_a03_group_2/Milestones/Milestone_One" --include_path="P:/lab_a03_group_2/Milestones/Milestone" --include_path="C:/ti/TivaWare_C_Series-2.1.4.178" --include_path="P:/lab_a03_group_2/Dependencies" --include_path="C:/ti/ccsv7/tools/compiler/ti-cgt-arm_16.9.6.LTS/include" --define=ccs="ccs" --define=PART_TM4C123GH6PM -g --gcc --diag_warning=225 --diag_wrap=off --display_error_number --abi=eabi --preproc_with_compile --preproc_dependency="Helicopter.d_raw"  "../Helicopter.c"
'Finished building: "../Helicopter.c"'
 
'Building target: "Milestone.out"'
'Invoking: ARM Linker'
"C:/ti/ccsv7/tools/compiler/ti-cgt-arm_16.9.6.LTS/bin/armcl" -mv7M4 --code_state=16 --float_support=FPv4SPD16 -me --define=ccs="ccs" --define=PART_TM4C123GH6PM -g --gcc --diag_warning=225 --diag_wrap=off --display_error_number --abi=eabi -z -m"Milestone.map" --heap_size=512 --stack_size=512 -i"C:/ti/ccsv7/tools/compiler/ti-cgt-arm_16.9.6.LTS/lib" -i"C:/ti/ccsv7/tools/compiler/ti-cgt-arm_16.9.6.LTS/include" --reread_libs --diag_wrap=off --display_error_number --warn_sections --xml_link_info="Milestone_linkInfo.xml" --rom_model -o "Milestone.out" "./Helicopter.obj" "./buttons4.obj" "./circBufT.obj" "./tm4c123gh6pm_startup_ccs.obj" "./ustdlib.obj" "./OrbitOLED/OrbitOLEDInterface.obj" "./OrbitOLED/lib_OrbitOled/ChrFont0.obj" "./OrbitOLED/lib_OrbitOled/FillPat.obj" "./OrbitOLED/lib_OrbitOled/OrbitOled.obj" "./OrbitOLED/lib_OrbitOled/OrbitOledChar.obj" "./OrbitOLED/lib_OrbitOled/OrbitOledGrph.obj" "./OrbitOLED/lib_OrbitOled/delay.obj" "../tm4c123gh6pm.cmd"  -llibc.a -l"C:/ti/TivaWare_C_Series-2.1.4.178/driverlib/ccs/Debug/driverlib.lib" 
<Linking>
'Finished building target: "Milestone.out"'
 

**** Build Finished ****

**** Build of configuration Debug for project Milestone ****

"C:\\ti\\ccsv7\\utils\\bin\\gmake" -k -j 8 all -O 
 
'Building file: "../Helicopter.c"'
'Invoking: ARM Compiler'
"C:/ti/ccsv7/tools/compiler/ti-cgt-arm_16.9.6.LTS/bin/armcl" -mv7M4 --code_state=16 --float_support=FPv4SPD16 -me --include_path="P:/lab_a03_group_2/Milestones/Milestone_One" --include_path="P:/lab_a03_group_2/Milestones/Milestone" --include_path="C:/ti/TivaWare_C_Series-2.1.4.178" --include_path="P:/lab_a03_group_2/Dependencies" --include_path="C:/ti/ccsv7/tools/compiler/ti-cgt-arm_16.9.6.LTS/include" --define=ccs="ccs" --define=PART_TM4C123GH6PM -g --gcc --diag_warning=225 --diag_wrap=off --display_error_number --abi=eabi --preproc_with_compile --preproc_dependency="Helicopter.d_raw"  "../Helicopter.c"
'Finished building: "../Helicopter.c"'
 
'Building target: "Milestone.out"'
'Invoking: ARM Linker'
"C:/ti/ccsv7/tools/compiler/ti-cgt-arm_16.9.6.LTS/bin/armcl" -mv7M4 --code_state=16 --float_support=FPv4SPD16 -me --define=ccs="ccs" --define=PART_TM4C123GH6PM -g --gcc --diag_warning=225 --diag_wrap=off --display_error_number --abi=eabi -z -m"Milestone.map" --heap_size=512 --stack_size=512 -i"C:/ti/ccsv7/tools/compiler/ti-cgt-arm_16.9.6.LTS/lib" -i"C:/ti/ccsv7/tools/compiler/ti-cgt-arm_16.9.6.LTS/include" --reread_libs --diag_wrap=off --display_error_number --warn_sections --xml_link_info="Milestone_linkInfo.xml" --rom_model -o "Milestone.out" "./Helicopter.obj" "./buttons4.obj" "./circBufT.obj" "./tm4c123gh6pm_startup_ccs.obj" "./ustdlib.obj" "./OrbitOLED/OrbitOLEDInterface.obj" "./OrbitOLED/lib_OrbitOled/ChrFont0.obj" "./OrbitOLED/lib_OrbitOled/FillPat.obj" "./OrbitOLED/lib_OrbitOled/OrbitOled.obj" "./OrbitOLED/lib_OrbitOled/OrbitOledChar.obj" "./OrbitOLED/lib_OrbitOled/OrbitOledGrph.obj" "./OrbitOLED/lib_OrbitOled/delay.obj" "../tm4c123gh6pm.cmd"  -llibc.a -l"C:/ti/TivaWare_C_Series-2.1.4.178/driverlib/ccs/Debug/driverlib.lib" 
<Linking>
'Finished building target: "Milestone.out"'
 

**** Build Finished ****

**** Build of configuration Debug for project Milestone ****

"C:\\ti\\ccsv7\\utils\\bin\\gmake" -k -j 8 all -O 
 
'Building file: "../Helicopter.c"'
'Invoking: ARM Compiler'
"C:/ti/ccsv7/tools/compiler/ti-cgt-arm_16.9.6.LTS/bin/armcl" -mv7M4 --code_state=16 --float_support=FPv4SPD16 -me --include_path="P:/lab_a03_group_2/Milestones/Milestone_One" --include_path="P:/lab_a03_group_2/Milestones/Milestone" --include_path="C:/ti/TivaWare_C_Series-2.1.4.178" --include_path="P:/lab_a03_group_2/Dependencies" --include_path="C:/ti/ccsv7/tools/compiler/ti-cgt-arm_16.9.6.LTS/include" --define=ccs="ccs" --define=PART_TM4C123GH6PM -g --gcc --diag_warning=225 --diag_wrap=off --display_error_number --abi=eabi --preproc_with_compile --preproc_dependency="Helicopter.d_raw"  "../Helicopter.c"

>> Compilation failure
subdir_rules.mk:9: recipe for target 'Helicopter.obj' failed
"../Helicopter.c", line 276: error #29: expected an expression
"../Helicopter.c", line 277: error #29: expected an expression
"../Helicopter.c", line 278: error #29: expected an expression
"../Helicopter.c", line 279: error #29: expected an expression
4 errors detected in the compilation of "../Helicopter.c".
gmake: *** [Helicopter.obj] Error 1
gmake: Target 'all' not remade because of errors.

**** Build Finished ****

**** Build of configuration Debug for project Milestone ****

"C:\\ti\\ccsv7\\utils\\bin\\gmake" -k -j 8 all -O 
 
'Building file: "../Helicopter.c"'
'Invoking: ARM Compiler'
"C:/ti/ccsv7/tools/compiler/ti-cgt-arm_16.9.6.LTS/bin/armcl" -mv7M4 --code_state=16 --float_support=FPv4SPD16 -me --include_path="P:/lab_a03_group_2/Milestones/Milestone_One" --include_path="P:/lab_a03_group_2/Milestones/Milestone" --include_path="C:/ti/TivaWare_C_Series-2.1.4.178" --include_path="P:/lab_a03_group_2/Dependencies" --include_path="C:/ti/ccsv7/tools/compiler/ti-cgt-arm_16.9.6.LTS/include" --define=ccs="ccs" --define=PART_TM4C123GH6PM -g --gcc --diag_warning=225 --diag_wrap=off --display_error_number --abi=eabi --preproc_with_compile --preproc_dependency="Helicopter.d_raw"  "../Helicopter.c"
'Finished building: "../Helicopter.c"'
 
'Building target: "Milestone.out"'
'Invoking: ARM Linker'
"C:/ti/ccsv7/tools/compiler/ti-cgt-arm_16.9.6.LTS/bin/armcl" -mv7M4 --code_state=16 --float_support=FPv4SPD16 -me --define=ccs="ccs" --define=PART_TM4C123GH6PM -g --gcc --diag_warning=225 --diag_wrap=off --display_error_number --abi=eabi -z -m"Milestone.map" --heap_size=512 --stack_size=512 -i"C:/ti/ccsv7/tools/compiler/ti-cgt-arm_16.9.6.LTS/lib" -i"C:/ti/ccsv7/tools/compiler/ti-cgt-arm_16.9.6.LTS/include" --reread_libs --diag_wrap=off --display_error_number --warn_sections --xml_link_info="Milestone_linkInfo.xml" --rom_model -o "Milestone.out" "./Helicopter.obj" "./buttons4.obj" "./circBufT.obj" "./tm4c123gh6pm_startup_ccs.obj" "./ustdlib.obj" "./OrbitOLED/OrbitOLEDInterface.obj" "./OrbitOLED/lib_OrbitOled/ChrFont0.obj" "./OrbitOLED/lib_OrbitOled/FillPat.obj" "./OrbitOLED/lib_OrbitOled/OrbitOled.obj" "./OrbitOLED/lib_OrbitOled/OrbitOledChar.obj" "./OrbitOLED/lib_OrbitOled/OrbitOledGrph.obj" "./OrbitOLED/lib_OrbitOled/delay.obj" "../tm4c123gh6pm.cmd"  -llibc.a -l"C:/ti/TivaWare_C_Series-2.1.4.178/driverlib/ccs/Debug/driverlib.lib" 
<Linking>
'Finished building target: "Milestone.out"'
 

**** Build Finished ****

**** Build of configuration Debug for project Milestone ****

"C:\\ti\\ccsv7\\utils\\bin\\gmake" -k -j 8 all -O 
 
'Building file: "../Helicopter.c"'
'Invoking: ARM Compiler'
"C:/ti/ccsv7/tools/compiler/ti-cgt-arm_16.9.6.LTS/bin/armcl" -mv7M4 --code_state=16 --float_support=FPv4SPD16 -me --include_path="P:/lab_a03_group_2/Milestones/Milestone_One" --include_path="P:/lab_a03_group_2/Milestones/Milestone" --include_path="C:/ti/TivaWare_C_Series-2.1.4.178" --include_path="P:/lab_a03_group_2/Dependencies" --include_path="C:/ti/ccsv7/tools/compiler/ti-cgt-arm_16.9.6.LTS/include" --define=ccs="ccs" --define=PART_TM4C123GH6PM -g --gcc --diag_warning=225 --diag_wrap=off --display_error_number --abi=eabi --preproc_with_compile --preproc_dependency="Helicopter.d_raw"  "../Helicopter.c"
'Finished building: "../Helicopter.c"'
 
'Building target: "Milestone.out"'
'Invoking: ARM Linker'
"C:/ti/ccsv7/tools/compiler/ti-cgt-arm_16.9.6.LTS/bin/armcl" -mv7M4 --code_state=16 --float_support=FPv4SPD16 -me --define=ccs="ccs" --define=PART_TM4C123GH6PM -g --gcc --diag_warning=225 --diag_wrap=off --display_error_number --abi=eabi -z -m"Milestone.map" --heap_size=512 --stack_size=512 -i"C:/ti/ccsv7/tools/compiler/ti-cgt-arm_16.9.6.LTS/lib" -i"C:/ti/ccsv7/tools/compiler/ti-cgt-arm_16.9.6.LTS/include" --reread_libs --diag_wrap=off --display_error_number --warn_sections --xml_link_info="Milestone_linkInfo.xml" --rom_model -o "Milestone.out" "./Helicopter.obj" "./buttons4.obj" "./circBufT.obj" "./tm4c123gh6pm_startup_ccs.obj" "./ustdlib.obj" "./OrbitOLED/OrbitOLEDInterface.obj" "./OrbitOLED/lib_OrbitOled/ChrFont0.obj" "./OrbitOLED/lib_OrbitOled/FillPat.obj" "./OrbitOLED/lib_OrbitOled/OrbitOled.obj" "./OrbitOLED/lib_OrbitOled/OrbitOledChar.obj" "./OrbitOLED/lib_OrbitOled/OrbitOledGrph.obj" "./OrbitOLED/lib_OrbitOled/delay.obj" "../tm4c123gh6pm.cmd"  -llibc.a -l"C:/ti/TivaWare_C_Series-2.1.4.178/driverlib/ccs/Debug/driverlib.lib" 
<Linking>
'Finished building target: "Milestone.out"'
 

**** Build Finished ****

**** Build of configuration Debug for project Milestone ****

"C:\\ti\\ccsv7\\utils\\bin\\gmake" -k -j 8 all -O 
 
'Building file: "../Helicopter.c"'
'Invoking: ARM Compiler'
"C:/ti/ccsv7/tools/compiler/ti-cgt-arm_16.9.6.LTS/bin/armcl" -mv7M4 --code_state=16 --float_support=FPv4SPD16 -me --include_path="P:/lab_a03_group_2/Milestones/Milestone_One" --include_path="P:/lab_a03_group_2/Milestones/Milestone" --include_path="C:/ti/TivaWare_C_Series-2.1.4.178" --include_path="P:/lab_a03_group_2/Dependencies" --include_path="C:/ti/ccsv7/tools/compiler/ti-cgt-arm_16.9.6.LTS/include" --define=ccs="ccs" --define=PART_TM4C123GH6PM -g --gcc --diag_warning=225 --diag_wrap=off --display_error_number --abi=eabi --preproc_with_compile --preproc_dependency="Helicopter.d_raw"  "../Helicopter.c"
'Finished building: "../Helicopter.c"'
 
'Building target: "Milestone.out"'
'Invoking: ARM Linker'
"C:/ti/ccsv7/tools/compiler/ti-cgt-arm_16.9.6.LTS/bin/armcl" -mv7M4 --code_state=16 --float_support=FPv4SPD16 -me --define=ccs="ccs" --define=PART_TM4C123GH6PM -g --gcc --diag_warning=225 --diag_wrap=off --display_error_number --abi=eabi -z -m"Milestone.map" --heap_size=512 --stack_size=512 -i"C:/ti/ccsv7/tools/compiler/ti-cgt-arm_16.9.6.LTS/lib" -i"C:/ti/ccsv7/tools/compiler/ti-cgt-arm_16.9.6.LTS/include" --reread_libs --diag_wrap=off --display_error_number --warn_sections --xml_link_info="Milestone_linkInfo.xml" --rom_model -o "Milestone.out" "./Helicopter.obj" "./buttons4.obj" "./circBufT.obj" "./tm4c123gh6pm_startup_ccs.obj" "./ustdlib.obj" "./OrbitOLED/OrbitOLEDInterface.obj" "./OrbitOLED/lib_OrbitOled/ChrFont0.obj" "./OrbitOLED/lib_OrbitOled/FillPat.obj" "./OrbitOLED/lib_OrbitOled/OrbitOled.obj" "./OrbitOLED/lib_OrbitOled/OrbitOledChar.obj" "./OrbitOLED/lib_OrbitOled/OrbitOledGrph.obj" "./OrbitOLED/lib_OrbitOled/delay.obj" "../tm4c123gh6pm.cmd"  -llibc.a -l"C:/ti/TivaWare_C_Series-2.1.4.178/driverlib/ccs/Debug/driverlib.lib" 
<Linking>
'Finished building target: "Milestone.out"'
 

**** Build Finished ****
